Added Component: Designator=T1(HY2424S-LF)
Added Component: Designator=T2(HY2424S-LF)
Added Component: Designator=T3(HY2424S-LF)
Added Component: Designator=T4(HY2424S-LF)
Added Pin To Net: NetName=P1_ETH_AP Pin=T1-1
Added Pin To Net: NetName=P1_ETH_AN Pin=T1-2
Added Pin To Net: NetName=N14471 Pin=T1-3
Added Pin To Net: NetName=N14471 Pin=T1-4
Added Pin To Net: NetName=P1_ETH_BP Pin=T1-5
Added Pin To Net: NetName=P1_ETH_BN Pin=T1-6
Added Pin To Net: NetName=P1_ETH_CP Pin=T1-7
Added Pin To Net: NetName=P1_ETH_CN Pin=T1-8
Added Pin To Net: NetName=N14471 Pin=T1-9
Added Pin To Net: NetName=N14471 Pin=T1-10
Added Pin To Net: NetName=P1_ETH_DP Pin=T1-11
Added Pin To Net: NetName=P1_ETH_DN Pin=T1-12
Added Pin To Net: NetName=RJ1_DN Pin=T1-13
Added Pin To Net: NetName=RJ1_DP Pin=T1-14
Added Pin To Net: NetName=N14799 Pin=T1-15
Added Pin To Net: NetName=N14665 Pin=T1-16
Added Pin To Net: NetName=RJ1_CN Pin=T1-17
Added Pin To Net: NetName=RJ1_CP Pin=T1-18
Added Pin To Net: NetName=RJ1_BN Pin=T1-19
Added Pin To Net: NetName=RJ1_BP Pin=T1-20
Added Pin To Net: NetName=N14587 Pin=T1-21
Added Pin To Net: NetName=N14479 Pin=T1-22
Added Pin To Net: NetName=RJ1_AN Pin=T1-23
Added Pin To Net: NetName=RJ1_AP Pin=T1-24
Added Pin To Net: NetName=P2_ETH_AP Pin=T2-1
Added Pin To Net: NetName=P2_ETH_AN Pin=T2-2
Added Pin To Net: NetName=N15299 Pin=T2-3
Added Pin To Net: NetName=N15299 Pin=T2-4
Added Pin To Net: NetName=P2_ETH_BP Pin=T2-5
Added Pin To Net: NetName=P2_ETH_BN Pin=T2-6
Added Pin To Net: NetName=P2_ETH_CP Pin=T2-7
Added Pin To Net: NetName=P2_ETH_CN Pin=T2-8
Added Pin To Net: NetName=N15299 Pin=T2-9
Added Pin To Net: NetName=N15299 Pin=T2-10
Added Pin To Net: NetName=P2_ETH_DP Pin=T2-11
Added Pin To Net: NetName=P2_ETH_DN Pin=T2-12
Added Pin To Net: NetName=RJ2_DN Pin=T2-13
Added Pin To Net: NetName=RJ2_DP Pin=T2-14
Added Pin To Net: NetName=N15575 Pin=T2-15
Added Pin To Net: NetName=N15493 Pin=T2-16
Added Pin To Net: NetName=RJ2_CN Pin=T2-17
Added Pin To Net: NetName=RJ2_CP Pin=T2-18
Added Pin To Net: NetName=RJ2_BN Pin=T2-19
Added Pin To Net: NetName=RJ2_BP Pin=T2-20
Added Pin To Net: NetName=N15415 Pin=T2-21
Added Pin To Net: NetName=N15307 Pin=T2-22
Added Pin To Net: NetName=RJ2_AN Pin=T2-23
Added Pin To Net: NetName=RJ2_AP Pin=T2-24
Added Pin To Net: NetName=P3_ETH_AP Pin=T3-1
Added Pin To Net: NetName=P3_ETH_AN Pin=T3-2
Added Pin To Net: NetName=N16243 Pin=T3-3
Added Pin To Net: NetName=N16243 Pin=T3-4
Added Pin To Net: NetName=P3_ETH_BP Pin=T3-5
Added Pin To Net: NetName=P3_ETH_BN Pin=T3-6
Added Pin To Net: NetName=P3_ETH_CP Pin=T3-7
Added Pin To Net: NetName=P3_ETH_CN Pin=T3-8
Added Pin To Net: NetName=N16243 Pin=T3-9
Added Pin To Net: NetName=N16243 Pin=T3-10
Added Pin To Net: NetName=P3_ETH_DP Pin=T3-11
Added Pin To Net: NetName=P3_ETH_DN Pin=T3-12
Added Pin To Net: NetName=RJ3_DN Pin=T3-13
Added Pin To Net: NetName=RJ3_DP Pin=T3-14
Added Pin To Net: NetName=N16787 Pin=T3-15
Added Pin To Net: NetName=N16623 Pin=T3-16
Added Pin To Net: NetName=RJ3_CN Pin=T3-17
Added Pin To Net: NetName=RJ3_CP Pin=T3-18
Added Pin To Net: NetName=RJ3_BN Pin=T3-19
Added Pin To Net: NetName=RJ3_BP Pin=T3-20
Added Pin To Net: NetName=N16467 Pin=T3-21
Added Pin To Net: NetName=N16251 Pin=T3-22
Added Pin To Net: NetName=RJ3_AN Pin=T3-23
Added Pin To Net: NetName=RJ3_AP Pin=T3-24
Added Pin To Net: NetName=P4_ETH_AP Pin=T4-1
Added Pin To Net: NetName=P4_ETH_AN Pin=T4-2
Added Pin To Net: NetName=N16307 Pin=T4-3
Added Pin To Net: NetName=N16307 Pin=T4-4
Added Pin To Net: NetName=P4_ETH_BP Pin=T4-5
Added Pin To Net: NetName=P4_ETH_BN Pin=T4-6
Added Pin To Net: NetName=P4_ETH_CP Pin=T4-7
Added Pin To Net: NetName=P4_ETH_CN Pin=T4-8
Added Pin To Net: NetName=N16307 Pin=T4-9
Added Pin To Net: NetName=N16307 Pin=T4-10
Added Pin To Net: NetName=P4_ETH_DP Pin=T4-11
Added Pin To Net: NetName=P4_ETH_DN Pin=T4-12
Added Pin To Net: NetName=RJ4_DN Pin=T4-13
Added Pin To Net: NetName=RJ4_DP Pin=T4-14
Added Pin To Net: NetName=N16811 Pin=T4-15
Added Pin To Net: NetName=N16653 Pin=T4-16
Added Pin To Net: NetName=RJ4_CN Pin=T4-17
Added Pin To Net: NetName=RJ4_CP Pin=T4-18
Added Pin To Net: NetName=RJ4_BN Pin=T4-19
Added Pin To Net: NetName=RJ4_BP Pin=T4-20
Added Pin To Net: NetName=N16497 Pin=T4-21
Added Pin To Net: NetName=N16315 Pin=T4-22
Added Pin To Net: NetName=RJ4_AN Pin=T4-23
Added Pin To Net: NetName=RJ4_AP Pin=T4-24
