Added Component: Designator=J2(KSP20LG154)
Added Component: Designator=J4(KSP20LG154)
Added Pin To Net: NetName=GND Pin=J2-1
Added Pin To Net: NetName=N20626 Pin=J2-2
Added Pin To Net: NetName=N20630 Pin=J2-3
Added Pin To Net: NetName=N20636 Pin=J2-4
Added Pin To Net: NetName=N20642 Pin=J2-5
Added Pin To Net: NetName=N20648 Pin=J2-6
Added Pin To Net: NetName=N20654 Pin=J2-7
Added Pin To Net: NetName=N20660 Pin=J2-8
Added Pin To Net: NetName=GND Pin=J2-9
Added Pin To Net: NetName=GND Pin=J2-10
Added Pin To Net: NetName=GND Pin=J2-11
Added Pin To Net: NetName=SFP0_RXN Pin=J2-12
Added Pin To Net: NetName=SFP0_RXP Pin=J2-13
Added Pin To Net: NetName=GND Pin=J2-14
Added Pin To Net: NetName=SFP_3V3 Pin=J2-15
Added Pin To Net: NetName=SFP_3V3 Pin=J2-16
Added Pin To Net: NetName=GND Pin=J2-17
Added Pin To Net: NetName=SFP0_TXP Pin=J2-18
Added Pin To Net: NetName=SFP0_TXN Pin=J2-19
Added Pin To Net: NetName=GND Pin=J2-20
Added Pin To Net: NetName=GND Pin=J4-1
Added Pin To Net: NetName=N22123 Pin=J4-2
Added Pin To Net: NetName=N22159 Pin=J4-3
Added Pin To Net: NetName=N22131 Pin=J4-4
Added Pin To Net: NetName=N22135 Pin=J4-5
Added Pin To Net: NetName=N22139 Pin=J4-6
Added Pin To Net: NetName=N22191 Pin=J4-7
Added Pin To Net: NetName=N22147 Pin=J4-8
Added Pin To Net: NetName=GND Pin=J4-9
Added Pin To Net: NetName=GND Pin=J4-10
Added Pin To Net: NetName=GND Pin=J4-11
Added Pin To Net: NetName=SFP5_RXN Pin=J4-12
Added Pin To Net: NetName=SFP5_RXP Pin=J4-13
Added Pin To Net: NetName=GND Pin=J4-14
Added Pin To Net: NetName=SFP_3V3 Pin=J4-15
Added Pin To Net: NetName=SFP_3V3 Pin=J4-16
Added Pin To Net: NetName=GND Pin=J4-17
Added Pin To Net: NetName=SFP5_TXP Pin=J4-18
Added Pin To Net: NetName=SFP5_TXN Pin=J4-19
Added Pin To Net: NetName=GND Pin=J4-20
