Added Component: Designator=U1(QFN-40_5x5)
Added Pin To Net: NetName=N13367 Pin=U1-1
Added Pin To Net: NetName=N13397 Pin=U1-2
Added Pin To Net: NetName=N13427 Pin=U1-3
Added Pin To Net: NetName=N13457 Pin=U1-4
Added Pin To Net: NetName=N01813 Pin=U1-5
Added Pin To Net: NetName=P0_1V Pin=U1-6
Added Pin To Net: NetName=+3.3V Pin=U1-7
Added Pin To Net: NetName=P0_1V Pin=U1-8
Added Pin To Net: NetName=P0_HSON Pin=U1-9
Added Pin To Net: NetName=P0_HSOP Pin=U1-10
Added Pin To Net: NetName=P0_1V Pin=U1-11
Added Pin To Net: NetName=P0_HSIP Pin=U1-12
Added Pin To Net: NetName=P0_HSIN Pin=U1-13
Added Pin To Net: NetName=+3.3V Pin=U1-14
Added Pin To Net: NetName=N01857 Pin=U1-15
Added Pin To Net: NetName=GND Pin=U1-16
Added Pin To Net: NetName=N02024 Pin=U1-17
Added Pin To Net: NetName=N02024 Pin=U1-18
Added Pin To Net: NetName=+3.3V Pin=U1-19
Added Pin To Net: NetName=+3.3V Pin=U1-20
Added Pin To Net: NetName=+3.3V Pin=U1-21
Added Pin To Net: NetName=P0_1V Pin=U1-22
Added Pin To Net: NetName=AUTOLOAD Pin=U1-23
Added Pin To Net: NetName=SMI_ADDR Pin=U1-24
Added Pin To Net: NetName=EN_PHY Pin=U1-25
Added Pin To Net: NetName=P3LED1 Pin=U1-26
Added Pin To Net: NetName=SMI_SEL Pin=U1-27
Added Pin To Net: NetName=+3.3V Pin=U1-28
Added Pin To Net: NetName=P0_XTAL_O Pin=U1-29
Added Pin To Net: NetName=P0_XTAL_I Pin=U1-30
Added Pin To Net: NetName=P0_SDA Pin=U1-31
Added Pin To Net: NetName=P0_SCL Pin=U1-32
Added Pin To Net: NetName=P0_RST Pin=U1-33
Added Pin To Net: NetName=P0_1V Pin=U1-34
Added Pin To Net: NetName=+3.3V Pin=U1-35
Added Pin To Net: NetName=N13233 Pin=U1-36
Added Pin To Net: NetName=N13277 Pin=U1-37
Added Pin To Net: NetName=N13307 Pin=U1-38
Added Pin To Net: NetName=N13337 Pin=U1-39
Added Pin To Net: NetName=P0_1V Pin=U1-40
