Removed Pin From Net: NetName=GND Pin=RP1-1
Removed Pin From Net: NetName=URXD Pin=RP1-2
Removed Pin From Net: NetName=GND Pin=RP1-3
Removed Pin From Net: NetName=UTXD Pin=RP1-4
Removed Pin From Net: NetName=GND Pin=RP1-5
Removed Pin From Net: NetName=N29901 Pin=RP1-6
Removed Pin From Net: NetName=GND Pin=RP1-7
Removed Pin From Net: NetName=N29903 Pin=RP1-8
Removed Pin From Net: NetName=GND Pin=RP2-1
Removed Pin From Net: NetName=N29949 Pin=RP2-2
Removed Pin From Net: NetName=GND Pin=RP2-3
Removed Pin From Net: NetName=N29951 Pin=RP2-4
Removed Pin From Net: NetName=GND Pin=RP2-5
Removed Pin From Net: NetName=N29953 Pin=RP2-6
Removed Pin From Net: NetName=GND Pin=RP2-7
Removed Pin From Net: NetName=N29955 Pin=RP2-8
Removed Pin From Net: NetName=GND Pin=RP3-1
Removed Pin From Net: NetName=N30001 Pin=RP3-2
Removed Pin From Net: NetName=GND Pin=RP3-3
Removed Pin From Net: NetName=N30003 Pin=RP3-4
Removed Pin From Net: NetName=GND Pin=RP3-5
Removed Pin From Net: NetName=N30005 Pin=RP3-6
Removed Pin From Net: NetName=GND Pin=RP3-7
Removed Pin From Net: NetName=N30007 Pin=RP3-8
Added Pin To Net: NetName=URXD Pin=RP1-1
Added Pin To Net: NetName=GND Pin=RP1-2
Added Pin To Net: NetName=UTXD Pin=RP1-3
Added Pin To Net: NetName=GND Pin=RP1-4
Added Pin To Net: NetName=N29901 Pin=RP1-5
Added Pin To Net: NetName=GND Pin=RP1-6
Added Pin To Net: NetName=N29903 Pin=RP1-7
Added Pin To Net: NetName=GND Pin=RP1-8
Added Pin To Net: NetName=N29949 Pin=RP2-1
Added Pin To Net: NetName=GND Pin=RP2-2
Added Pin To Net: NetName=N29951 Pin=RP2-3
Added Pin To Net: NetName=GND Pin=RP2-4
Added Pin To Net: NetName=N29953 Pin=RP2-5
Added Pin To Net: NetName=GND Pin=RP2-6
Added Pin To Net: NetName=N29955 Pin=RP2-7
Added Pin To Net: NetName=GND Pin=RP2-8
Added Pin To Net: NetName=N30001 Pin=RP3-1
Added Pin To Net: NetName=GND Pin=RP3-2
Added Pin To Net: NetName=N30003 Pin=RP3-3
Added Pin To Net: NetName=GND Pin=RP3-4
Added Pin To Net: NetName=N30005 Pin=RP3-5
Added Pin To Net: NetName=GND Pin=RP3-6
Added Pin To Net: NetName=N30007 Pin=RP3-7
Added Pin To Net: NetName=GND Pin=RP3-8
