Change Component Footprint: Designator=U1 Old Footprint=QFN40_5*5*0.4 New Footprint=QFN-40_5x5
Change Component Footprint: Designator=U3 Old Footprint=TO-252-3_L6.5-W5.8-P4.58-TL New Footprint=LQFP-128
Added Component: Designator=U4(TO252-5L)
Added Pin To Net: NetName=P3_ETH_BP Pin=U3-4
Added Pin To Net: NetName=P3_ETH_BN Pin=U3-5
Added Pin To Net: NetName=VDDL Pin=U3-6
Added Pin To Net: NetName=P3_ETH_CP Pin=U3-7
Added Pin To Net: NetName=P3_ETH_CN Pin=U3-8
Added Pin To Net: NetName=P3_ETH_DP Pin=U3-9
Added Pin To Net: NetName=P3_ETH_DN Pin=U3-10
Added Pin To Net: NetName=+3.3V Pin=U3-11
Added Pin To Net: NetName=GND Pin=U3-12
Added Pin To Net: NetName=N33737 Pin=U3-13
Added Pin To Net: NetName=VDDL Pin=U3-14
Added Pin To Net: NetName=+3.3V Pin=U3-17
Added Pin To Net: NetName=GND Pin=U3-18
Added Pin To Net: NetName=VDDL Pin=U3-20
Added Pin To Net: NetName=+3.3V Pin=U3-21
Added Pin To Net: NetName=P4_ETH_AP Pin=U3-22
Added Pin To Net: NetName=P4_ETH_AN Pin=U3-23
Added Pin To Net: NetName=GND Pin=U3-24
Added Pin To Net: NetName=P4_ETH_BP Pin=U3-25
Added Pin To Net: NetName=P4_ETH_BN Pin=U3-26
Added Pin To Net: NetName=VDDL Pin=U3-27
Added Pin To Net: NetName=P4_ETH_CP Pin=U3-28
Added Pin To Net: NetName=P4_ETH_CN Pin=U3-29
Added Pin To Net: NetName=P4_ETH_DP Pin=U3-30
Added Pin To Net: NetName=P4_ETH_DN Pin=U3-31
Added Pin To Net: NetName=GND Pin=U3-32
Added Pin To Net: NetName=+3.3V Pin=U3-33
Added Pin To Net: NetName=GND Pin=U3-34
Added Pin To Net: NetName=P5_HSON Pin=U3-35
Added Pin To Net: NetName=P5_HSOP Pin=U3-36
Added Pin To Net: NetName=VDDL Pin=U3-37
Added Pin To Net: NetName=P5_HSIP Pin=U3-38
Added Pin To Net: NetName=P5_HSIN Pin=U3-39
Added Pin To Net: NetName=GND Pin=U3-40
Added Pin To Net: NetName=+3.3V Pin=U3-41
Added Pin To Net: NetName=+3.3V Pin=U3-42
Added Pin To Net: NetName=GND Pin=U3-43
Added Pin To Net: NetName=GND Pin=U3-44
Added Pin To Net: NetName=URXD Pin=U3-45
Added Pin To Net: NetName=UTXD Pin=U3-46
Added Pin To Net: NetName=N29901 Pin=U3-47
Added Pin To Net: NetName=N29903 Pin=U3-48
Added Pin To Net: NetName=N29949 Pin=U3-49
Added Pin To Net: NetName=N29951 Pin=U3-50
Added Pin To Net: NetName=N29953 Pin=U3-51
Added Pin To Net: NetName=N29955 Pin=U3-52
Added Pin To Net: NetName=N30001 Pin=U3-53
Added Pin To Net: NetName=N30003 Pin=U3-54
Added Pin To Net: NetName=N30005 Pin=U3-55
Added Pin To Net: NetName=N30007 Pin=U3-56
Added Pin To Net: NetName=GND Pin=U3-57
Added Pin To Net: NetName=VDDL Pin=U3-58
Added Pin To Net: NetName=+3.3V Pin=U3-59
Added Pin To Net: NetName=N31601 Pin=U3-60
Added Pin To Net: NetName=GND Pin=U3-61
Added Pin To Net: NetName=GND Pin=U3-62
Added Pin To Net: NetName=N31674 Pin=U3-63
Added Pin To Net: NetName=N31674 Pin=U3-64
Added Pin To Net: NetName=+3.3V Pin=U3-65
Added Pin To Net: NetName=+3.3V Pin=U3-66
Added Pin To Net: NetName=+3.3V Pin=U3-67
Added Pin To Net: NetName=GND Pin=U3-68
Added Pin To Net: NetName=VDDL Pin=U3-69
Added Pin To Net: NetName=P4_LED0 Pin=U3-70
Added Pin To Net: NetName=P4_LED1 Pin=U3-71
Added Pin To Net: NetName=P3_LED1 Pin=U3-72
Added Pin To Net: NetName=EN_PWRLITE Pin=U3-73
Added Pin To Net: NetName=P3_LED0 Pin=U3-74
Added Pin To Net: NetName=P2_LED0 Pin=U3-75
Added Pin To Net: NetName=DIS_AUTOLOAD Pin=U3-76
Added Pin To Net: NetName=P2_LED1 Pin=U3-77
Added Pin To Net: NetName=P1_LED1 Pin=U3-78
Added Pin To Net: NetName=P1_LED0 Pin=U3-79
Added Pin To Net: NetName=P0_LED1 Pin=U3-80
Added Pin To Net: NetName=P0_LED0 Pin=U3-81
Added Pin To Net: NetName=+3.3V Pin=U3-82
Added Pin To Net: NetName=HUB_XTAL_O Pin=U3-83
Added Pin To Net: NetName=HUB_XTAL_I Pin=U3-84
Added Pin To Net: NetName=GND Pin=U3-85
Added Pin To Net: NetName=HUB_RST Pin=U3-86
Added Pin To Net: NetName=SCL Pin=U3-87
Added Pin To Net: NetName=SDA Pin=U3-88
Added Pin To Net: NetName=GND Pin=U3-89
Added Pin To Net: NetName=+3.3V Pin=U3-90
Added Pin To Net: NetName=P0_MDI_AP Pin=U3-91
Added Pin To Net: NetName=P0_MDI_AN Pin=U3-92
Added Pin To Net: NetName=P0_MDI_BP Pin=U3-93
Added Pin To Net: NetName=P0_MDI_BN Pin=U3-94
Added Pin To Net: NetName=VDDL Pin=U3-95
Added Pin To Net: NetName=GND Pin=U3-96
Added Pin To Net: NetName=P0_MDI_CP Pin=U3-97
Added Pin To Net: NetName=P0_MDI_CN Pin=U3-98
Added Pin To Net: NetName=GND Pin=U3-99
Added Pin To Net: NetName=P0_MDI_DP Pin=U3-100
Added Pin To Net: NetName=P0_MDI_DN Pin=U3-101
Added Pin To Net: NetName=+3.3V Pin=U3-102
Added Pin To Net: NetName=P1_ETH_AP Pin=U3-103
Added Pin To Net: NetName=P1_ETH_AN Pin=U3-104
Added Pin To Net: NetName=GND Pin=U3-105
Added Pin To Net: NetName=P1_ETH_BP Pin=U3-106
Added Pin To Net: NetName=P1_ETH_BN Pin=U3-107
Added Pin To Net: NetName=VDDL Pin=U3-108
Added Pin To Net: NetName=P1_ETH_CP Pin=U3-109
Added Pin To Net: NetName=P1_ETH_CN Pin=U3-110
Added Pin To Net: NetName=GND Pin=U3-111
Added Pin To Net: NetName=P1_ETH_DP Pin=U3-112
Added Pin To Net: NetName=P1_ETH_DN Pin=U3-113
Added Pin To Net: NetName=VDDL Pin=U3-114
Added Pin To Net: NetName=GND Pin=U3-115
Added Pin To Net: NetName=+3.3V Pin=U3-116
Added Pin To Net: NetName=P2_ETH_AP Pin=U3-117
Added Pin To Net: NetName=P2_ETH_AN Pin=U3-118
Added Pin To Net: NetName=GND Pin=U3-119
Added Pin To Net: NetName=P2_ETH_BP Pin=U3-120
Added Pin To Net: NetName=P2_ETH_BN Pin=U3-121
Added Pin To Net: NetName=VDDL Pin=U3-122
Added Pin To Net: NetName=P2_ETH_CP Pin=U3-123
Added Pin To Net: NetName=P2_ETH_CN Pin=U3-124
Added Pin To Net: NetName=GND Pin=U3-125
Added Pin To Net: NetName=P2_ETH_DP Pin=U3-126
Added Pin To Net: NetName=P2_ETH_DN Pin=U3-127
Added Pin To Net: NetName=+3.3V Pin=U3-128
Added Pin To Net: NetName=N04286 Pin=U4-1
Added Pin To Net: NetName=N03411 Pin=U4-2
Added Pin To Net: NetName=GND Pin=U4-3
Added Pin To Net: NetName=N03467 Pin=U4-4
Added Pin To Net: NetName=N04493 Pin=U4-5
Added Pin To Net: NetName=GND Pin=U4-6
